<?xml version="1.0" encoding="UTF-8"?>
<coverage generated="1757900212275" clover="3.2.0">
  <project timestamp="1757900212275" name="All files">
    <metrics statements="96" coveredstatements="78" conditionals="25" coveredconditionals="11" methods="29" coveredmethods="26" elements="150" coveredelements="115" complexity="0" loc="96" ncloc="96" packages="1" files="1" classes="1"/>
    <file name="test-utils.ts" path="D:\notes-backend\test\utils\test-utils.ts">
      <metrics statements="96" coveredstatements="78" conditionals="25" coveredconditionals="11" methods="29" coveredmethods="26"/>
      <line num="2" count="8" type="stmt"/>
      <line num="3" count="8" type="stmt"/>
      <line num="4" count="8" type="stmt"/>
      <line num="5" count="8" type="stmt"/>
      <line num="6" count="8" type="stmt"/>
      <line num="30" count="8" type="stmt"/>
      <line num="35" count="8" type="stmt"/>
      <line num="39" count="8" type="stmt"/>
      <line num="42" count="8" type="stmt"/>
      <line num="45" count="8" type="stmt"/>
      <line num="47" count="8" type="stmt"/>
      <line num="50" count="8" type="stmt"/>
      <line num="52" count="8" type="stmt"/>
      <line num="56" count="97" type="cond" truecount="0" falsecount="1"/>
      <line num="58" count="97" type="stmt"/>
      <line num="60" count="97" type="stmt"/>
      <line num="62" count="97" type="stmt"/>
      <line num="65" count="291" type="stmt"/>
      <line num="68" count="97" type="cond" truecount="0" falsecount="1"/>
      <line num="69" count="0" type="stmt"/>
      <line num="73" count="97" type="stmt"/>
      <line num="74" count="291" type="stmt"/>
      <line num="78" count="97" type="cond" truecount="0" falsecount="1"/>
      <line num="79" count="0" type="stmt"/>
      <line num="82" count="0" type="stmt"/>
      <line num="87" count="8" type="cond" truecount="1" falsecount="0"/>
      <line num="88" count="8" type="stmt"/>
      <line num="93" count="0" type="stmt"/>
      <line num="103" count="110" type="stmt"/>
      <line num="105" count="110" type="cond" truecount="3" falsecount="0"/>
      <line num="107" count="83" type="stmt"/>
      <line num="111" count="27" type="stmt"/>
      <line num="113" count="27" type="stmt"/>
      <line num="122" count="27" type="cond" truecount="0" falsecount="1"/>
      <line num="123" count="0" type="stmt"/>
      <line num="127" count="27" type="stmt"/>
      <line num="134" count="27" type="cond" truecount="0" falsecount="1"/>
      <line num="135" count="0" type="stmt"/>
      <line num="138" count="27" type="stmt"/>
      <line num="147" count="110" type="cond" truecount="0" falsecount="1"/>
      <line num="149" count="110" type="stmt"/>
      <line num="150" count="110" type="stmt"/>
      <line num="151" count="110" type="stmt"/>
      <line num="152" count="110" type="stmt"/>
      <line num="154" count="0" type="stmt"/>
      <line num="164" count="105" type="stmt"/>
      <line num="165" count="105" type="stmt"/>
      <line num="167" count="105" type="stmt"/>
      <line num="168" count="105" type="stmt"/>
      <line num="171" count="105" type="stmt"/>
      <line num="172" count="105" type="stmt"/>
      <line num="182" count="105" type="stmt"/>
      <line num="189" count="105" type="cond" truecount="0" falsecount="1"/>
      <line num="190" count="0" type="stmt"/>
      <line num="193" count="105" type="stmt"/>
      <line num="201" count="8" type="stmt"/>
      <line num="204" count="27" type="cond" truecount="1" falsecount="0"/>
      <line num="205" count="5" type="stmt"/>
      <line num="209" count="22" type="stmt"/>
      <line num="210" count="22" type="stmt"/>
      <line num="216" count="22" type="stmt"/>
      <line num="220" count="0" type="stmt"/>
      <line num="224" count="0" type="cond" truecount="0" falsecount="1"/>
      <line num="225" count="0" type="stmt"/>
      <line num="228" count="0" type="stmt"/>
      <line num="236" count="64" type="stmt"/>
      <line num="241" count="64" type="cond" truecount="0" falsecount="1"/>
      <line num="242" count="0" type="stmt"/>
      <line num="245" count="64" type="stmt"/>
      <line num="253" count="25" type="stmt"/>
      <line num="258" count="25" type="cond" truecount="0" falsecount="1"/>
      <line num="259" count="0" type="stmt"/>
      <line num="262" count="25" type="stmt"/>
      <line num="267" count="84" type="stmt"/>
      <line num="269" count="34" type="stmt"/>
      <line num="273" count="19" type="stmt"/>
      <line num="277" count="16" type="stmt"/>
      <line num="281" count="15" type="stmt"/>
      <line num="288" count="64" type="stmt"/>
      <line num="289" count="59" type="stmt"/>
      <line num="290" count="5" type="stmt"/>
      <line num="296" count="0" type="stmt"/>
      <line num="297" count="0" type="stmt"/>
      <line num="298" count="0" type="cond" truecount="0" falsecount="1"/>
      <line num="299" count="0" type="stmt"/>
      <line num="304" count="11" type="stmt"/>
      <line num="308" count="10" type="stmt"/>
      <line num="312" count="19" type="stmt"/>
      <line num="316" count="4" type="stmt"/>
      <line num="320" count="95" type="stmt"/>
      <line num="321" count="95" type="stmt"/>
      <line num="332" count="117" type="stmt"/>
      <line num="333" count="117" type="stmt"/>
      <line num="347" count="65" type="stmt"/>
      <line num="348" count="65" type="stmt"/>
      <line num="361" count="3" type="stmt"/>
    </file>
  </project>
</coverage>
