{"D:\\notes-backend\\test\\utils\\test-utils.ts": {"path":"D:\\notes-backend\\test\\utils\\test-utils.ts","statementMap":{"0":{"start":{"line":2,"column":0},"end":{"line":2,"column":54}},"1":{"start":{"line":3,"column":0},"end":{"line":3,"column":37}},"2":{"start":{"line":4,"column":0},"end":{"line":4,"column":37}},"3":{"start":{"line":5,"column":0},"end":{"line":5,"column":49}},"4":{"start":{"line":6,"column":0},"end":{"line":6,"column":65}},"5":{"start":{"line":35,"column":41},"end":{"line":37,"column":16}},"6":{"start":{"line":39,"column":4},"end":{"line":39,"column":53}},"7":{"start":{"line":42,"column":4},"end":{"line":42,"column":36}},"8":{"start":{"line":45,"column":4},"end":{"line":45,"column":26}},"9":{"start":{"line":47,"column":4},"end":{"line":47,"column":26}},"10":{"start":{"line":50,"column":4},"end":{"line":50,"column":47}},"11":{"start":{"line":52,"column":4},"end":{"line":52,"column":20}},"12":{"start":{"line":56,"column":4},"end":{"line":56,"column":33}},"13":{"start":{"line":56,"column":26},"end":{"line":56,"column":33}},"14":{"start":{"line":58,"column":4},"end":{"line":83,"column":5}},"15":{"start":{"line":60,"column":6},"end":{"line":60,"column":28}},"16":{"start":{"line":62,"column":23},"end":{"line":62,"column":54}},"17":{"start":{"line":65,"column":26},"end":{"line":65,"column":68}},"18":{"start":{"line":65,"column":51},"end":{"line":65,"column":67}},"19":{"start":{"line":68,"column":6},"end":{"line":70,"column":7}},"20":{"start":{"line":69,"column":8},"end":{"line":69,"column":65}},"21":{"start":{"line":73,"column":6},"end":{"line":75,"column":7}},"22":{"start":{"line":74,"column":8},"end":{"line":74,"column":66}},"23":{"start":{"line":78,"column":6},"end":{"line":80,"column":7}},"24":{"start":{"line":79,"column":8},"end":{"line":79,"column":64}},"25":{"start":{"line":82,"column":6},"end":{"line":82,"column":54}},"26":{"start":{"line":87,"column":4},"end":{"line":89,"column":5}},"27":{"start":{"line":88,"column":6},"end":{"line":88,"column":29}},"28":{"start":{"line":93,"column":4},"end":{"line":93,"column":20}},"29":{"start":{"line":103,"column":24},"end":{"line":103,"column":48}},"30":{"start":{"line":105,"column":4},"end":{"line":108,"column":5}},"31":{"start":{"line":107,"column":6},"end":{"line":107,"column":53}},"32":{"start":{"line":111,"column":18},"end":{"line":111,"column":48}},"33":{"start":{"line":113,"column":21},"end":{"line":120,"column":8}},"34":{"start":{"line":122,"column":4},"end":{"line":124,"column":5}},"35":{"start":{"line":123,"column":6},"end":{"line":123,"column":73}},"36":{"start":{"line":127,"column":26},"end":{"line":132,"column":8}},"37":{"start":{"line":134,"column":4},"end":{"line":136,"column":5}},"38":{"start":{"line":135,"column":6},"end":{"line":135,"column":77}},"39":{"start":{"line":138,"column":4},"end":{"line":143,"column":6}},"40":{"start":{"line":147,"column":4},"end":{"line":147,"column":38}},"41":{"start":{"line":147,"column":26},"end":{"line":147,"column":38}},"42":{"start":{"line":149,"column":4},"end":{"line":155,"column":5}},"43":{"start":{"line":150,"column":29},"end":{"line":150,"column":66}},"44":{"start":{"line":151,"column":20},"end":{"line":151,"column":48}},"45":{"start":{"line":152,"column":6},"end":{"line":152,"column":25}},"46":{"start":{"line":154,"column":6},"end":{"line":154,"column":18}},"47":{"start":{"line":164,"column":19},"end":{"line":164,"column":36}},"48":{"start":{"line":165,"column":27},"end":{"line":165,"column":44}},"49":{"start":{"line":167,"column":27},"end":{"line":167,"column":66}},"50":{"start":{"line":168,"column":19},"end":{"line":168,"column":31}},"51":{"start":{"line":171,"column":27},"end":{"line":171,"column":64}},"52":{"start":{"line":172,"column":4},"end":{"line":179,"column":7}},"53":{"start":{"line":182,"column":26},"end":{"line":187,"column":8}},"54":{"start":{"line":189,"column":4},"end":{"line":191,"column":5}},"55":{"start":{"line":190,"column":6},"end":{"line":190,"column":77}},"56":{"start":{"line":193,"column":4},"end":{"line":198,"column":6}},"57":{"start":{"line":201,"column":39},"end":{"line":201,"column":43}},"58":{"start":{"line":204,"column":4},"end":{"line":206,"column":5}},"59":{"start":{"line":205,"column":6},"end":{"line":205,"column":28}},"60":{"start":{"line":209,"column":22},"end":{"line":209,"column":32}},"61":{"start":{"line":210,"column":4},"end":{"line":214,"column":7}},"62":{"start":{"line":216,"column":4},"end":{"line":216,"column":26}},"63":{"start":{"line":220,"column":21},"end":{"line":222,"column":32}},"64":{"start":{"line":224,"column":4},"end":{"line":226,"column":5}},"65":{"start":{"line":225,"column":6},"end":{"line":225,"column":67}},"66":{"start":{"line":228,"column":4},"end":{"line":228,"column":37}},"67":{"start":{"line":236,"column":21},"end":{"line":239,"column":21}},"68":{"start":{"line":241,"column":4},"end":{"line":243,"column":5}},"69":{"start":{"line":242,"column":6},"end":{"line":242,"column":73}},"70":{"start":{"line":245,"column":4},"end":{"line":245,"column":25}},"71":{"start":{"line":253,"column":21},"end":{"line":256,"column":27}},"72":{"start":{"line":258,"column":4},"end":{"line":260,"column":5}},"73":{"start":{"line":259,"column":6},"end":{"line":259,"column":80}},"74":{"start":{"line":262,"column":4},"end":{"line":262,"column":25}},"75":{"start":{"line":267,"column":4},"end":{"line":284,"column":6}},"76":{"start":{"line":269,"column":8},"end":{"line":271,"column":50}},"77":{"start":{"line":273,"column":8},"end":{"line":275,"column":50}},"78":{"start":{"line":277,"column":8},"end":{"line":279,"column":50}},"79":{"start":{"line":281,"column":8},"end":{"line":283,"column":50}},"80":{"start":{"line":288,"column":4},"end":{"line":291,"column":6}},"81":{"start":{"line":289,"column":28},"end":{"line":289,"column":70}},"82":{"start":{"line":290,"column":29},"end":{"line":290,"column":72}},"83":{"start":{"line":296,"column":4},"end":{"line":296,"column":38}},"84":{"start":{"line":297,"column":4},"end":{"line":297,"column":48}},"85":{"start":{"line":298,"column":4},"end":{"line":300,"column":5}},"86":{"start":{"line":299,"column":6},"end":{"line":299,"column":53}},"87":{"start":{"line":304,"column":4},"end":{"line":304,"column":38}},"88":{"start":{"line":308,"column":4},"end":{"line":308,"column":38}},"89":{"start":{"line":312,"column":4},"end":{"line":312,"column":38}},"90":{"start":{"line":316,"column":4},"end":{"line":316,"column":38}},"91":{"start":{"line":320,"column":4},"end":{"line":320,"column":49}},"92":{"start":{"line":321,"column":4},"end":{"line":321,"column":40}},"93":{"start":{"line":332,"column":22},"end":{"line":332,"column":32}},"94":{"start":{"line":333,"column":4},"end":{"line":338,"column":6}},"95":{"start":{"line":347,"column":22},"end":{"line":347,"column":32}},"96":{"start":{"line":348,"column":4},"end":{"line":352,"column":6}},"97":{"start":{"line":361,"column":4},"end":{"line":364,"column":6}},"98":{"start":{"line":30,"column":0},"end":{"line":30,"column":13}}},"fnMap":{"0":{"name":"(anonymous_0)","decl":{"start":{"line":34,"column":2},"end":{"line":34,"column":7}},"loc":{"start":{"line":34,"column":16},"end":{"line":53,"column":3}}},"1":{"name":"(anonymous_1)","decl":{"start":{"line":55,"column":2},"end":{"line":55,"column":7}},"loc":{"start":{"line":55,"column":21},"end":{"line":84,"column":3}}},"2":{"name":"(anonymous_2)","decl":{"start":{"line":65,"column":39},"end":{"line":65,"column":40}},"loc":{"start":{"line":65,"column":51},"end":{"line":65,"column":67}}},"3":{"name":"(anonymous_3)","decl":{"start":{"line":86,"column":2},"end":{"line":86,"column":7}},"loc":{"start":{"line":86,"column":16},"end":{"line":90,"column":3}}},"4":{"name":"(anonymous_4)","decl":{"start":{"line":92,"column":2},"end":{"line":92,"column":8}},"loc":{"start":{"line":92,"column":8},"end":{"line":94,"column":3}}},"5":{"name":"(anonymous_5)","decl":{"start":{"line":97,"column":2},"end":{"line":97,"column":7}},"loc":{"start":{"line":101,"column":3},"end":{"line":144,"column":3}}},"6":{"name":"(anonymous_6)","decl":{"start":{"line":146,"column":10},"end":{"line":146,"column":15}},"loc":{"start":{"line":146,"column":27},"end":{"line":156,"column":3}}},"7":{"name":"(anonymous_7)","decl":{"start":{"line":158,"column":10},"end":{"line":158,"column":15}},"loc":{"start":{"line":162,"column":3},"end":{"line":199,"column":3}}},"8":{"name":"(anonymous_8)","decl":{"start":{"line":203,"column":10},"end":{"line":203,"column":15}},"loc":{"start":{"line":203,"column":33},"end":{"line":217,"column":3}}},"9":{"name":"(anonymous_9)","decl":{"start":{"line":219,"column":2},"end":{"line":219,"column":7}},"loc":{"start":{"line":219,"column":49},"end":{"line":229,"column":3}}},"10":{"name":"(anonymous_10)","decl":{"start":{"line":232,"column":2},"end":{"line":232,"column":7}},"loc":{"start":{"line":234,"column":52},"end":{"line":246,"column":3}}},"11":{"name":"(anonymous_11)","decl":{"start":{"line":248,"column":2},"end":{"line":248,"column":7}},"loc":{"start":{"line":251,"column":59},"end":{"line":263,"column":3}}},"12":{"name":"(anonymous_12)","decl":{"start":{"line":266,"column":2},"end":{"line":266,"column":26}},"loc":{"start":{"line":266,"column":40},"end":{"line":285,"column":3}}},"13":{"name":"(anonymous_13)","decl":{"start":{"line":268,"column":11},"end":{"line":268,"column":12}},"loc":{"start":{"line":269,"column":8},"end":{"line":271,"column":50}}},"14":{"name":"(anonymous_14)","decl":{"start":{"line":272,"column":12},"end":{"line":272,"column":13}},"loc":{"start":{"line":273,"column":8},"end":{"line":275,"column":50}}},"15":{"name":"(anonymous_15)","decl":{"start":{"line":276,"column":13},"end":{"line":276,"column":14}},"loc":{"start":{"line":277,"column":8},"end":{"line":279,"column":50}}},"16":{"name":"(anonymous_16)","decl":{"start":{"line":280,"column":14},"end":{"line":280,"column":15}},"loc":{"start":{"line":281,"column":8},"end":{"line":283,"column":50}}},"17":{"name":"(anonymous_17)","decl":{"start":{"line":287,"column":2},"end":{"line":287,"column":19}},"loc":{"start":{"line":287,"column":19},"end":{"line":292,"column":3}}},"18":{"name":"(anonymous_18)","decl":{"start":{"line":289,"column":11},"end":{"line":289,"column":12}},"loc":{"start":{"line":289,"column":28},"end":{"line":289,"column":70}}},"19":{"name":"(anonymous_19)","decl":{"start":{"line":290,"column":12},"end":{"line":290,"column":13}},"loc":{"start":{"line":290,"column":29},"end":{"line":290,"column":72}}},"20":{"name":"(anonymous_20)","decl":{"start":{"line":295,"column":2},"end":{"line":295,"column":23}},"loc":{"start":{"line":295,"column":53},"end":{"line":301,"column":3}}},"21":{"name":"(anonymous_21)","decl":{"start":{"line":303,"column":2},"end":{"line":303,"column":20}},"loc":{"start":{"line":303,"column":34},"end":{"line":305,"column":3}}},"22":{"name":"(anonymous_22)","decl":{"start":{"line":307,"column":2},"end":{"line":307,"column":17}},"loc":{"start":{"line":307,"column":31},"end":{"line":309,"column":3}}},"23":{"name":"(anonymous_23)","decl":{"start":{"line":311,"column":2},"end":{"line":311,"column":16}},"loc":{"start":{"line":311,"column":30},"end":{"line":313,"column":3}}},"24":{"name":"(anonymous_24)","decl":{"start":{"line":315,"column":2},"end":{"line":315,"column":19}},"loc":{"start":{"line":315,"column":33},"end":{"line":317,"column":3}}},"25":{"name":"(anonymous_25)","decl":{"start":{"line":319,"column":2},"end":{"line":319,"column":15}},"loc":{"start":{"line":319,"column":59},"end":{"line":322,"column":3}}},"26":{"name":"(anonymous_26)","decl":{"start":{"line":325,"column":2},"end":{"line":325,"column":18}},"loc":{"start":{"line":330,"column":6},"end":{"line":339,"column":3}}},"27":{"name":"(anonymous_27)","decl":{"start":{"line":341,"column":2},"end":{"line":341,"column":18}},"loc":{"start":{"line":345,"column":6},"end":{"line":353,"column":3}}},"28":{"name":"(anonymous_28)","decl":{"start":{"line":355,"column":2},"end":{"line":355,"column":24}},"loc":{"start":{"line":359,"column":6},"end":{"line":365,"column":3}}}},"branchMap":{"0":{"loc":{"start":{"line":56,"column":4},"end":{"line":56,"column":33}},"type":"if","locations":[{"start":{"line":56,"column":4},"end":{"line":56,"column":33}}]},"1":{"loc":{"start":{"line":68,"column":6},"end":{"line":70,"column":7}},"type":"if","locations":[{"start":{"line":68,"column":6},"end":{"line":70,"column":7}}]},"2":{"loc":{"start":{"line":78,"column":6},"end":{"line":80,"column":7}},"type":"if","locations":[{"start":{"line":78,"column":6},"end":{"line":80,"column":7}}]},"3":{"loc":{"start":{"line":87,"column":4},"end":{"line":89,"column":5}},"type":"if","locations":[{"start":{"line":87,"column":4},"end":{"line":89,"column":5}}]},"4":{"loc":{"start":{"line":105,"column":4},"end":{"line":108,"column":5}},"type":"if","locations":[{"start":{"line":105,"column":4},"end":{"line":108,"column":5}}]},"5":{"loc":{"start":{"line":105,"column":8},"end":{"line":105,"column":55}},"type":"binary-expr","locations":[{"start":{"line":105,"column":8},"end":{"line":105,"column":19}},{"start":{"line":105,"column":23},"end":{"line":105,"column":55}}]},"6":{"loc":{"start":{"line":119,"column":14},"end":{"line":119,"column":44}},"type":"binary-expr","locations":[{"start":{"line":119,"column":14},"end":{"line":119,"column":27}},{"start":{"line":119,"column":31},"end":{"line":119,"column":44}}]},"7":{"loc":{"start":{"line":122,"column":4},"end":{"line":124,"column":5}},"type":"if","locations":[{"start":{"line":122,"column":4},"end":{"line":124,"column":5}}]},"8":{"loc":{"start":{"line":134,"column":4},"end":{"line":136,"column":5}},"type":"if","locations":[{"start":{"line":134,"column":4},"end":{"line":136,"column":5}}]},"9":{"loc":{"start":{"line":147,"column":4},"end":{"line":147,"column":38}},"type":"if","locations":[{"start":{"line":147,"column":4},"end":{"line":147,"column":38}}]},"10":{"loc":{"start":{"line":176,"column":12},"end":{"line":176,"column":42}},"type":"binary-expr","locations":[{"start":{"line":176,"column":12},"end":{"line":176,"column":25}},{"start":{"line":176,"column":29},"end":{"line":176,"column":42}}]},"11":{"loc":{"start":{"line":189,"column":4},"end":{"line":191,"column":5}},"type":"if","locations":[{"start":{"line":189,"column":4},"end":{"line":191,"column":5}}]},"12":{"loc":{"start":{"line":196,"column":12},"end":{"line":196,"column":42}},"type":"binary-expr","locations":[{"start":{"line":196,"column":12},"end":{"line":196,"column":25}},{"start":{"line":196,"column":29},"end":{"line":196,"column":42}}]},"13":{"loc":{"start":{"line":204,"column":4},"end":{"line":206,"column":5}},"type":"if","locations":[{"start":{"line":204,"column":4},"end":{"line":206,"column":5}}]},"14":{"loc":{"start":{"line":224,"column":4},"end":{"line":226,"column":5}},"type":"if","locations":[{"start":{"line":224,"column":4},"end":{"line":226,"column":5}}]},"15":{"loc":{"start":{"line":241,"column":4},"end":{"line":243,"column":5}},"type":"if","locations":[{"start":{"line":241,"column":4},"end":{"line":243,"column":5}}]},"16":{"loc":{"start":{"line":256,"column":12},"end":{"line":256,"column":26}},"type":"binary-expr","locations":[{"start":{"line":256,"column":12},"end":{"line":256,"column":20}},{"start":{"line":256,"column":24},"end":{"line":256,"column":26}}]},"17":{"loc":{"start":{"line":258,"column":4},"end":{"line":260,"column":5}},"type":"if","locations":[{"start":{"line":258,"column":4},"end":{"line":260,"column":5}}]},"18":{"loc":{"start":{"line":298,"column":4},"end":{"line":300,"column":5}},"type":"if","locations":[{"start":{"line":298,"column":4},"end":{"line":300,"column":5}}]},"19":{"loc":{"start":{"line":319,"column":31},"end":{"line":319,"column":59}},"type":"default-arg","locations":[{"start":{"line":319,"column":56},"end":{"line":319,"column":59}}]}},"s":{"0":8,"1":8,"2":8,"3":8,"4":8,"5":8,"6":8,"7":8,"8":8,"9":8,"10":8,"11":8,"12":97,"13":0,"14":97,"15":97,"16":97,"17":97,"18":291,"19":97,"20":0,"21":97,"22":291,"23":97,"24":0,"25":0,"26":8,"27":8,"28":0,"29":110,"30":110,"31":83,"32":27,"33":27,"34":27,"35":0,"36":27,"37":27,"38":0,"39":27,"40":110,"41":0,"42":110,"43":110,"44":110,"45":110,"46":0,"47":105,"48":105,"49":105,"50":105,"51":105,"52":105,"53":105,"54":105,"55":0,"56":105,"57":8,"58":27,"59":5,"60":22,"61":22,"62":22,"63":0,"64":0,"65":0,"66":0,"67":64,"68":64,"69":0,"70":64,"71":25,"72":25,"73":0,"74":25,"75":84,"76":34,"77":19,"78":16,"79":15,"80":64,"81":59,"82":5,"83":0,"84":0,"85":0,"86":0,"87":11,"88":10,"89":19,"90":4,"91":95,"92":95,"93":117,"94":117,"95":65,"96":65,"97":3,"98":8},"f":{"0":8,"1":97,"2":291,"3":8,"4":0,"5":110,"6":110,"7":105,"8":27,"9":0,"10":64,"11":25,"12":84,"13":34,"14":19,"15":16,"16":15,"17":64,"18":59,"19":5,"20":0,"21":11,"22":10,"23":19,"24":4,"25":95,"26":117,"27":65,"28":3},"b":{"0":[0],"1":[0],"2":[0],"3":[8],"4":[83],"5":[110,27],"6":[27,0],"7":[0],"8":[0],"9":[0],"10":[105,0],"11":[0],"12":[105,0],"13":[5],"14":[0],"15":[0],"16":[25,23],"17":[0],"18":[0],"19":[4]}}
}
