TN:
SF:test\utils\test-utils.ts
FN:34,(anonymous_0)
FN:55,(anonymous_1)
FN:65,(anonymous_2)
FN:86,(anonymous_3)
FN:92,(anonymous_4)
FN:97,(anonymous_5)
FN:146,(anonymous_6)
FN:158,(anonymous_7)
FN:203,(anonymous_8)
FN:219,(anonymous_9)
FN:232,(anonymous_10)
FN:248,(anonymous_11)
FN:266,(anonymous_12)
FN:268,(anonymous_13)
FN:272,(anonymous_14)
FN:276,(anonymous_15)
FN:280,(anonymous_16)
FN:287,(anonymous_17)
FN:289,(anonymous_18)
FN:290,(anonymous_19)
FN:295,(anonymous_20)
FN:303,(anonymous_21)
FN:307,(anonymous_22)
FN:311,(anonymous_23)
FN:315,(anonymous_24)
FN:319,(anonymous_25)
FN:325,(anonymous_26)
FN:341,(anonymous_27)
FN:355,(anonymous_28)
FNF:29
FNH:26
FNDA:8,(anonymous_0)
FNDA:97,(anonymous_1)
FNDA:291,(anonymous_2)
FNDA:8,(anonymous_3)
FNDA:0,(anonymous_4)
FNDA:110,(anonymous_5)
FNDA:110,(anonymous_6)
FNDA:105,(anonymous_7)
FNDA:27,(anonymous_8)
FNDA:0,(anonymous_9)
FNDA:64,(anonymous_10)
FNDA:25,(anonymous_11)
FNDA:84,(anonymous_12)
FNDA:34,(anonymous_13)
FNDA:19,(anonymous_14)
FNDA:16,(anonymous_15)
FNDA:15,(anonymous_16)
FNDA:64,(anonymous_17)
FNDA:59,(anonymous_18)
FNDA:5,(anonymous_19)
FNDA:0,(anonymous_20)
FNDA:11,(anonymous_21)
FNDA:10,(anonymous_22)
FNDA:19,(anonymous_23)
FNDA:4,(anonymous_24)
FNDA:95,(anonymous_25)
FNDA:117,(anonymous_26)
FNDA:65,(anonymous_27)
FNDA:3,(anonymous_28)
DA:2,8
DA:3,8
DA:4,8
DA:5,8
DA:6,8
DA:30,8
DA:35,8
DA:39,8
DA:42,8
DA:45,8
DA:47,8
DA:50,8
DA:52,8
DA:56,97
DA:58,97
DA:60,97
DA:62,97
DA:65,291
DA:68,97
DA:69,0
DA:73,97
DA:74,291
DA:78,97
DA:79,0
DA:82,0
DA:87,8
DA:88,8
DA:93,0
DA:103,110
DA:105,110
DA:107,83
DA:111,27
DA:113,27
DA:122,27
DA:123,0
DA:127,27
DA:134,27
DA:135,0
DA:138,27
DA:147,110
DA:149,110
DA:150,110
DA:151,110
DA:152,110
DA:154,0
DA:164,105
DA:165,105
DA:167,105
DA:168,105
DA:171,105
DA:172,105
DA:182,105
DA:189,105
DA:190,0
DA:193,105
DA:201,8
DA:204,27
DA:205,5
DA:209,22
DA:210,22
DA:216,22
DA:220,0
DA:224,0
DA:225,0
DA:228,0
DA:236,64
DA:241,64
DA:242,0
DA:245,64
DA:253,25
DA:258,25
DA:259,0
DA:262,25
DA:267,84
DA:269,34
DA:273,19
DA:277,16
DA:281,15
DA:288,64
DA:289,59
DA:290,5
DA:296,0
DA:297,0
DA:298,0
DA:299,0
DA:304,11
DA:308,10
DA:312,19
DA:316,4
DA:320,95
DA:321,95
DA:332,117
DA:333,117
DA:347,65
DA:348,65
DA:361,3
LF:96
LH:78
BRDA:56,0,0,0
BRDA:68,1,0,0
BRDA:78,2,0,0
BRDA:87,3,0,8
BRDA:105,4,0,83
BRDA:105,5,0,110
BRDA:105,5,1,27
BRDA:119,6,0,27
BRDA:119,6,1,0
BRDA:122,7,0,0
BRDA:134,8,0,0
BRDA:147,9,0,0
BRDA:176,10,0,105
BRDA:176,10,1,0
BRDA:189,11,0,0
BRDA:196,12,0,105
BRDA:196,12,1,0
BRDA:204,13,0,5
BRDA:224,14,0,0
BRDA:241,15,0,0
BRDA:256,16,0,25
BRDA:256,16,1,23
BRDA:258,17,0,0
BRDA:298,18,0,0
BRDA:319,19,0,4
BRF:25
BRH:11
end_of_record
